This file contains offsets and bitmasks of ODS-1 symbols from RSX-11M V3.2.

The symbols were derived by assembling a small source file that expands the
macro for the associated definitions and saving the symbol table portion of
the listing file produced by MACRO-11.  For example, for the Home Block:

MAC>,ti:=ti:
	.mcall hmbof$
	hmbof$ DEF$L
	.END
^Z

The ODS-1 Specification explains the meaning of these symbols.
--------------------------------------------------------------------------------

Home BLock HMBOF$
SYMBOL TABLE
H.CHK1= 000072  H.FMAX= 000006  H.INDN= 000730  H.VDAT= 000074  H.VPRO= 000040
H.CHK2= 000776  H.FPRO= 000044  H.INDO= 000744  H.VLEV= 000014  H.WISZ= 000054
H.DFPR= 000044  H.IBLB= 000002  H.LRUC= 000056  H.VNAM= 000016  ...GBL= 000000
H.DVTY= 000012  H.IBSZ= 000000  H.SBCL= 000010  H.VOWN= 000036  ...TPC= 001000
H.FIEX= 000055  H.INDF= 000760  H.VCHA= 000042
--------------------------------------------------------------------------------

File Header FHDOF$
SYMBOL TABLE
FP.DEL= 000010  H.FPRO= 000012  I.CRTI= 000040  M.CTSZ= 000006  SC.BAD= 000100
FP.EXT= 000004  H.FSEQ= 000004  I.DASZ= 000007  M.EFNU= 000002  SC.MDL= 000200
FP.RAT= 000001  H.IDOF= 000000  I.EXDT= 000046  M.EFSQ= 000004  S.HDHD= 000056
FP.RDV= 000001  H.MPOF= 000001  I.FNAM= 000000  M.ERVN= 000001  S.IDHD= 000056
FP.WRV= 000002  H.PROG= 000010  I.FTYP= 000006  M.ESQN= 000000  S.MPHD= 000012
H.CKSM= 000776  H.PROJ= 000011  I.FVER= 000010  M.LBSZ= 000007  UC.CON= 000200
H.FCHA= 000014  H.SCHA= 000015  I.RVDT= 000014  M.MAX = 000011  UC.DLK= 000100
H.FLEV= 000006  H.UCHA= 000014  I.RVNO= 000012  M.RTRV= 000012  ...GBL= 000000
H.FNUM= 000002  H.UFAT= 000016  I.RVTI= 000023  M.USE = 000010  ...TPC= 000012
H.FOWN= 000010  I.CRDT= 000031  I.TISZ= 000006
--------------------------------------------------------------------------------

File Attributes FDOFF$
SYMBOL TABLE
F.ACTL= 000076  F.DSPT= 000044  F.LUN = 000042  F.SEQN= 000100  N.FVER= 000016
F.ALOC= 000040  F.DVNM= 000134  F.MBCT= 000054  F.SPDV= 000072  N.NEXT= 000022
F.BBFS= 000062  F.EFBK= 000010  F.MBC1= 000055  F.SPUN= 000074  N.STAT= 000020
F.BDB = 000070  F.EFN = 000050  F.MBFG= 000056  F.STBK= 000036  N.UNIT= 000034
F.BGBC= 000057  F.EOBB= 000032  F.NRBD= 000024  F.UNIT= 000136  S.FATT= 000016
F.BKDN= 000026  F.ERR = 000052  F.NREC= 000030  F.URBD= 000020  S.FDB = 000140
F.BKDS= 000020  F.FACC= 000043  F.OVBS= 000030  F.VBN = 000064  S.FNAM= 000006
F.BKEF= 000050  F.FFBY= 000014  F.RACC= 000016  F.VBSZ= 000060  S.FNB = 000036
F.BKP1= 000051  F.FNAM= 000110  F.RATT= 000001  N.DID = 000024  S.FNBW= 000017
F.BKST= 000024  F.FNB = 000102  F.RCNM= 000034  N.DVNM= 000032  S.FNTY= 000004
F.BKVB= 000064  F.FTYP= 000116  F.RCTL= 000017  N.FID = 000000  S.FTYP= 000002
F.CHR = 000075  F.FVER= 000120  F.RSIZ= 000002  N.FNAM= 000006  S.NFEN= 000020
F.CNTG= 000034  F.HIBK= 000004  F.RTYP= 000000  N.FTYP= 000014  ...TPC= 000140
F.DFNB= 000046

--------------------------------------------------------------------------------

FCS Bit definitions FCSBT$
SYMBOL TABLE
CH.AND= 000001  FA.SHR= 000040  FD.MNT= 100000  FF.CHR= 000005  NB.NAM= 000004
FA.APD= 000100  FA.TMP= 000020  FD.OSP= 004000  FF.NV = 000003  NB.SD1= 000400
FA.CRE= 000010  FA.WCK= 020000  FD.PLC= 000004  FF.POE= 000002  NB.SD2= 001000
FA.DLK= 001000  FA.WRT= 000002  FD.PRN= 000004  FF.RWD= 000001  NB.SNM= 000040
FA.ENB= 100000  FD.BLK= 000010  FD.PSE= 010000  FF.RWF= 000006  NB.STP= 000020
FA.EXC= 002000  FD.CCL= 000002  FD.RAH= 000001  FF.SPC= 000004  NB.SVR= 000010
FA.EXT= 000004  FD.COM= 020000  FD.RAN= 000002  FO.APD= 000106  NB.TYP= 000002
FA.NSP= 000100  FD.CR = 000002  FD.REC= 000001  FO.MFY= 000002  NB.VER= 000001
FA.NSR= 000200  FD.DIR= 000010  FD.RWM= 000001  FO.RD = 000001  R.FIX = 000001
FA.POS= 010000  FD.FTN= 000001  FD.SDI= 000020  FO.UPD= 000006  R.SEQ = 000003
FA.RD = 000001  FD.F11= 040000  FD.SQD= 000040  FO.WRT= 000016  R.VAR = 000002
FA.RWD= 004000  FD.INS= 000010  FD.TTY= 000004  NB.DEV= 000200  ...GBL= 000000
FA.SEQ= 040000  FD.ISP= 002000  FD.WBH= 000002  NB.DIR= 000100

